This is pdfTeXk, Version 3.141592-1.40.3 (Web2C 7.5.6) (format=pdflatex 2014.9.3)  19 JUN 2015 11:38
entering extended mode
 %&-line parsing enabled.
**indivReport.tex
(./indivReport.tex
LaTeX2e <2005/12/01>
Babel <v3.8h> and hyphenation patterns for english, usenglishmax, dumylang, noh
yphenation, arabic, basque, bulgarian, coptic, welsh, czech, slovak, german, ng
erman, danish, esperanto, spanish, catalan, galician, estonian, farsi, finnish,
 french, greek, monogreek, ancientgreek, croatian, hungarian, interlingua, ibyc
us, indonesian, icelandic, italian, latin, mongolian, dutch, norsk, polish, por
tuguese, pinyin, romanian, russian, slovenian, uppersorbian, serbian, swedish, 
turkish, ukenglish, ukrainian, loaded.
(/usr/share/texmf/tex/latex/base/article.cls
Document Class: article 2005/09/16 v1.4f Standard LaTeX document class
(/usr/share/texmf/tex/latex/base/size11.clo
File: size11.clo 2005/09/16 v1.4f Standard LaTeX file (size option)
)
\c@part=\count79
\c@section=\count80
\c@subsection=\count81
\c@subsubsection=\count82
\c@paragraph=\count83
\c@subparagraph=\count84
\c@figure=\count85
\c@table=\count86
\abovecaptionskip=\skip41
\belowcaptionskip=\skip42
\bibindent=\dimen102
)
(/usr/share/texmf/tex/latex/amsmath/amsmath.sty
Package: amsmath 2000/07/18 v2.13 AMS math features
\@mathmargin=\skip43

For additional information on amsmath, use the `?' option.
(/usr/share/texmf/tex/latex/amsmath/amstext.sty
Package: amstext 2000/06/29 v2.01

(/usr/share/texmf/tex/latex/amsmath/amsgen.sty
File: amsgen.sty 1999/11/30 v2.0
\@emptytoks=\toks14
\ex@=\dimen103
))
(/usr/share/texmf/tex/latex/amsmath/amsbsy.sty
Package: amsbsy 1999/11/29 v1.2d
\pmbraise@=\dimen104
)
(/usr/share/texmf/tex/latex/amsmath/amsopn.sty
Package: amsopn 1999/12/14 v2.01 operator names
)
\inf@bad=\count87
LaTeX Info: Redefining \frac on input line 211.
\uproot@=\count88
\leftroot@=\count89
LaTeX Info: Redefining \overline on input line 307.
\classnum@=\count90
\DOTSCASE@=\count91
LaTeX Info: Redefining \ldots on input line 379.
LaTeX Info: Redefining \dots on input line 382.
LaTeX Info: Redefining \cdots on input line 467.
\Mathstrutbox@=\box26
\strutbox@=\box27
\big@size=\dimen105
LaTeX Font Info:    Redeclaring font encoding OML on input line 567.
LaTeX Font Info:    Redeclaring font encoding OMS on input line 568.
\macc@depth=\count92
\c@MaxMatrixCols=\count93
\dotsspace@=\muskip10
\c@parentequation=\count94
\dspbrk@lvl=\count95
\tag@help=\toks15
\row@=\count96
\column@=\count97
\maxfields@=\count98
\andhelp@=\toks16
\eqnshift@=\dimen106
\alignsep@=\dimen107
\tagshift@=\dimen108
\tagwidth@=\dimen109
\totwidth@=\dimen110
\lineht@=\dimen111
\@envbody=\toks17
\multlinegap=\skip44
\multlinetaggap=\skip45
\mathdisplay@stack=\toks18
LaTeX Info: Redefining \[ on input line 2666.
LaTeX Info: Redefining \] on input line 2667.
)
(/usr/share/texmf/tex/latex/amsfonts/amssymb.sty
Package: amssymb 2002/01/22 v2.2d

(/usr/share/texmf/tex/latex/amsfonts/amsfonts.sty
Package: amsfonts 2001/10/25 v2.2f
\symAMSa=\mathgroup4
\symAMSb=\mathgroup5
LaTeX Font Info:    Overwriting math alphabet `\mathfrak' in version `bold'
(Font)                  U/euf/m/n --> U/euf/b/n on input line 132.
))
(/usr/share/texmf/tex/latex/graphics/graphicx.sty
Package: graphicx 1999/02/16 v1.0f Enhanced LaTeX Graphics (DPC,SPQR)

(/usr/share/texmf/tex/latex/graphics/keyval.sty
Package: keyval 1999/03/16 v1.13 key=value parser (DPC)
\KV@toks@=\toks19
)
(/usr/share/texmf/tex/latex/graphics/graphics.sty
Package: graphics 2006/02/20 v1.0o Standard LaTeX Graphics (DPC,SPQR)

(/usr/share/texmf/tex/latex/graphics/trig.sty
Package: trig 1999/03/16 v1.09 sin cos tan (DPC)
)
(/usr/share/texmf/tex/latex/config/graphics.cfg
File: graphics.cfg 2007/01/18 v1.5 graphics configuration of teTeX/TeXLive
)
Package graphics Info: Driver file: pdftex.def on input line 90.

(/usr/share/texmf/tex/latex/pdftex-def/pdftex.def
File: pdftex.def 2007/01/08 v0.04d Graphics/color for pdfTeX
\Gread@gobject=\count99
))
\Gin@req@height=\dimen112
\Gin@req@width=\dimen113
)
(/usr/share/texmf/tex/latex/float/float.sty
Package: float 2001/11/08 v1.3d Float enhancements (AL)
\c@float@type=\count100
\float@exts=\toks20
\float@box=\box28
\@float@everytoks=\toks21
\@floatcapt=\box29
)
(/usr/share/texmf/tex/latex/caption/caption.sty
Package: caption 2007/01/07 v3.0k Customising captions (AR)

(/usr/share/texmf/tex/latex/caption/caption3.sty
Package: caption3 2007/01/07 v3.0k caption3 kernel (AR)
\captionmargin=\dimen114
\captionmarginx=\dimen115
\captionwidth=\dimen116
\captionindent=\dimen117
\captionparindent=\dimen118
\captionhangindent=\dimen119
)
Package caption Info: float package v1.3 (or newer) detected on input line 275.

)
(/usr/share/texmf/tex/latex/subfig/subfig.sty
Package: subfig 2005/06/28 ver: 1.3 subfig package
\c@KVtest=\count101
\sf@farskip=\skip46
\sf@captopadj=\dimen120
\sf@capskip=\skip47
\sf@nearskip=\skip48
\c@subfigure=\count102
\c@subfigure@save=\count103
\c@lofdepth=\count104
\c@subtable=\count105
\c@subtable@save=\count106
\c@lotdepth=\count107
\sf@top=\skip49
\sf@bottom=\skip50
)
(/usr/share/texmf/tex/latex/appendix/appendix.sty
Package: appendix 2002/08/06 v1.2 extra appendix facilities
\c@@pps=\count108
\c@@ppsavesec=\count109
\c@@ppsaveapp=\count110
)
(/usr/share/texmf/tex/latex/graphics/color.sty
Package: color 2005/11/14 v1.0j Standard LaTeX Color (DPC)

(/usr/share/texmf/tex/latex/config/color.cfg
File: color.cfg 2007/01/18 v1.5 color configuration of teTeX/TeXLive
)
Package color Info: Driver file: pdftex.def on input line 130.
)
(/usr/share/texmf/tex/latex/tools/tabularx.sty
Package: tabularx 1999/01/07 v2.07 `tabularx' package (DPC)

(/usr/share/texmf/tex/latex/tools/array.sty
Package: array 2005/08/23 v2.4b Tabular extension package (FMi)
\col@sep=\dimen121
\extrarowheight=\dimen122
\NC@list=\toks22
\extratabsurround=\skip51
\backup@length=\skip52
)
\TX@col@width=\dimen123
\TX@old@table=\dimen124
\TX@old@col=\dimen125
\TX@target=\dimen126
\TX@delta=\dimen127
\TX@cols=\count111
\TX@ftn=\toks23
)
(/usr/share/texmf/tex/latex/booktabs/booktabs.sty
Package: booktabs 2005/03/16 v1.6180 publication quality tables
\heavyrulewidth=\dimen128
\lightrulewidth=\dimen129
\cmidrulewidth=\dimen130
\belowrulesep=\dimen131
\belowbottomsep=\dimen132
\aboverulesep=\dimen133
\abovetopsep=\dimen134
\cmidrulesep=\dimen135
\cmidrulekern=\dimen136
\defaultaddspace=\dimen137
\@cmidla=\count112
\@cmidlb=\count113
\@aboverulesep=\dimen138
\@belowrulesep=\dimen139
\@thisruleclass=\count114
\@lastruleclass=\count115
\@thisrulewidth=\dimen140
)
(/usr/share/texmf/tex/latex/fancyhdr/fancyhdr.sty
\fancy@headwidth=\skip53
\f@ncyO@elh=\skip54
\f@ncyO@erh=\skip55
\f@ncyO@olh=\skip56
\f@ncyO@orh=\skip57
\f@ncyO@elf=\skip58
\f@ncyO@erf=\skip59
\f@ncyO@olf=\skip60
\f@ncyO@orf=\skip61
)
(/usr/share/texmf/tex/latex/geometry/geometry.sty
Package: geometry 2002/07/08 v3.2 Page Geometry
\Gm@cnth=\count116
\Gm@cntv=\count117
\c@Gm@tempcnt=\count118
\Gm@bindingoffset=\dimen141
\Gm@wd@mp=\dimen142
\Gm@odd@mp=\dimen143
\Gm@even@mp=\dimen144
\Gm@dimlist=\toks24
)
(/usr/share/texmf/tex/latex/setspace/setspace.sty
Package: setspace 2000/12/01 6.7 Contributed and Supported LaTeX2e package

Package: `setspace' 6.7 <2000/12/01>
) (/usr/share/texmf/tex/latex/psnfss/times.sty
Package: times 2005/04/12 PSNFSS-v9.2a (SPQR) 
)
(/usr/share/texmf/tex/latex/hyphenat/hyphenat.sty
Package: hyphenat 2001/01/02 v2.3a hyphenation utilities
\langwohyphens=\language48
LaTeX Info: Redefining \_ on input line 34.
)
(/usr/share/texmf/tex/latex/ltxmisc/chngcntr.sty
Package: chngcntr 2001/03/30 v1.0 change counter resetting
) (./indivReport.aux)
\openout1 = `indivReport.aux'.

LaTeX Font Info:    Checking defaults for OML/cmm/m/it on input line 53.
LaTeX Font Info:    ... okay on input line 53.
LaTeX Font Info:    Checking defaults for T1/cmr/m/n on input line 53.
LaTeX Font Info:    ... okay on input line 53.
LaTeX Font Info:    Checking defaults for OT1/cmr/m/n on input line 53.
LaTeX Font Info:    ... okay on input line 53.
LaTeX Font Info:    Checking defaults for OMS/cmsy/m/n on input line 53.
LaTeX Font Info:    ... okay on input line 53.
LaTeX Font Info:    Checking defaults for OMX/cmex/m/n on input line 53.
LaTeX Font Info:    ... okay on input line 53.
LaTeX Font Info:    Checking defaults for U/cmr/m/n on input line 53.
LaTeX Font Info:    ... okay on input line 53.
LaTeX Font Info:    Try loading font information for OT1+ptm on input line 53.

(/usr/share/texmf/tex/latex/psnfss/ot1ptm.fd
File: ot1ptm.fd 2001/06/04 font definitions for OT1/ptm.
)
(/usr/share/texmf/tex/latex/ragged2e/ragged2e.sty
Package: ragged2e 2003/03/25 v2.04 ragged2e Package (MS)

(/usr/share/texmf/tex/latex/everysel/everysel.sty
Package: everysel 1999/06/08 v1.03 EverySelectfont Package (MS)
LaTeX Info: Redefining \selectfont on input line 125.
)
\CenteringLeftskip=\skip62
\RaggedLeftLeftskip=\skip63
\RaggedRightLeftskip=\skip64
\CenteringRightskip=\skip65
\RaggedLeftRightskip=\skip66
\RaggedRightRightskip=\skip67
\CenteringParfillskip=\skip68
\RaggedLeftParfillskip=\skip69
\RaggedRightParfillskip=\skip70
\JustifyingParfillskip=\skip71
\CenteringParindent=\skip72
\RaggedLeftParindent=\skip73
\RaggedRightParindent=\skip74
\JustifyingParindent=\skip75
)
Package caption Info: subref 1.2 or 1.3 detected on input line 53.
LaTeX Info: Redefining \subref on input line 53.
-------------------- Geometry parameters
paper: class default
landscape: --
twocolumn: --
twoside: --
asymmetric: --
h-parts: 54.06023pt, 497.63872pt, 62.59605pt
v-parts: 71.13188pt, 669.77788pt, 54.06023pt
hmarginratio: --
vmarginratio: --
lines: --
heightrounded: --
bindingoffset: 0.0pt
truedimen: --
includehead: --
includefoot: --
includemp: --
driver: pdftex
-------------------- Page layout dimensions and switches
\paperwidth  614.295pt
\paperheight 794.96999pt
\textwidth  497.63872pt
\textheight 669.77788pt
\oddsidemargin  -18.20976pt
\evensidemargin -18.20976pt
\topmargin  -38.1381pt
\headheight 14.5pt
\headsep    25.0pt
\footskip   30.0pt
\marginparwidth 59.0pt
\marginparsep   10.0pt
\columnsep  10.0pt
\skip\footins  10.0pt plus 4.0pt minus 2.0pt
\hoffset 0.0pt
\voffset 0.0pt
\mag 1000

(1in=72.27pt, 1cm=28.45pt)
-----------------------
 [1

{/usr/share/texmf/fonts/map/pdftex/updmap/pdftex.map}]
LaTeX Font Info:    Font shape `OT1/ptm/bx/n' in size <14.4> not available
(Font)              Font shape `OT1/ptm/b/n' tried instead on input line 82.
 (./indivReport.toc
LaTeX Font Info:    Font shape `OT1/ptm/bx/n' in size <10.95> not available
(Font)              Font shape `OT1/ptm/b/n' tried instead on input line 1.
LaTeX Font Info:    Try loading font information for U+msa on input line 2.

(/usr/share/texmf/tex/latex/amsfonts/umsa.fd
File: umsa.fd 2002/01/19 v2.2g AMS font definitions
)
LaTeX Font Info:    Try loading font information for U+msb on input line 2.

(/usr/share/texmf/tex/latex/amsfonts/umsb.fd
File: umsb.fd 2002/01/19 v2.2g AMS font definitions
))
\tf@toc=\write3
\openout3 = `indivReport.toc'.

 [1

]
LaTeX Font Info:    Font shape `OT1/ptm/bx/n' in size <12> not available
(Font)              Font shape `OT1/ptm/b/n' tried instead on input line 89.
 [2]
LaTeX Font Info:    Try loading font information for OMS+ptm on input line 116.


(/usr/share/texmf/tex/latex/psnfss/omsptm.fd
File: omsptm.fd 
)
LaTeX Font Info:    Font shape `OMS/ptm/m/n' in size <10.95> not available
(Font)              Font shape `OMS/cmsy/m/n' tried instead on input line 116.
 [3] [4] [5]
<Figures/dispersion_comparison.png, id=31, 918.43124pt x 564.1075pt>
File: Figures/dispersion_comparison.png Graphic file (type png)

<use Figures/dispersion_comparison.png> [6] [7 <./Figures/dispersion_comparison
.png (PNG copy)>] [8] [9]
<Figures/dispersion_comparison_viscous.png, id=47, 820.666pt x 468.952pt>
File: Figures/dispersion_comparison_viscous.png Graphic file (type png)

<use Figures/dispersion_comparison_viscous.png> [10 <./Figures/dispersion_compa
rison_viscous.png (PNG copy)>] [11] [12] [13]

pdfTeX warning: pdflatex (file ./Figures/ROJER_schematic.pdf): PDF inclusion: f
ound PDF version <1.5>, but at most version <1.4> allowed
<Figures/ROJER_schematic.pdf, id=62, 845.40843pt x 597.73312pt>
File: Figures/ROJER_schematic.pdf Graphic file (type pdf)

<use Figures/ROJER_schematic.pdf>
<Figures/old-nozzle.png, id=63, 849.1725pt x 814.04124pt>
File: Figures/old-nozzle.png Graphic file (type png)

<use Figures/old-nozzle.png>
<Figures/new-nozzle.png, id=64, 873.2625pt x 836.12375pt>
File: Figures/new-nozzle.png Graphic file (type png)

<use Figures/new-nozzle.png> [14 <./Figures/ROJER_schematic.pdf

pdfTeX warning: pdflatex (file ./Figures/ROJER_schematic.pdf): PDF inclusion: P
age Group detected which pdfTeX can't handle. Ignoring it.
>]
Overfull \hbox (14.9979pt too wide) in paragraph at lines 635--637
\OT1/ptm/m/n/10.95 where $[]$ is the in-trin-sic vis-cos-ity. This is de-pen-de
nt on the poly-mer molec-u-lar weight $\OML/cmm/m/it/10.95 M[]$ \OT1/ptm/m/n/10
.95 through the Mark-Houwink
 []

[15 <./Figures/old-nozzle.png (PNG copy)> <./Figures/new-nozzle.png (PNG copy)>
] [16]
LaTeX Font Info:    Font shape `OMS/ptm/m/n' in size <8> not available
(Font)              Font shape `OMS/cmsy/m/n' tried instead on input line 674.
 <Figures/montage1.png, id=88, 674.52pt x 337.26pt>
File: Figures/montage1.png Graphic file (type png)

<use Figures/montage1.png> <Figures/montage2.png, id=89, 674.52pt x 105.996pt>
File: Figures/montage2.png Graphic file (type png)

<use Figures/montage2.png>
Overfull \hbox (128.32164pt too wide) in paragraph at lines 700--701
[][] 
 []

[17] [18 <./Figures/montage1.png> <./Figures/montage2.png>]
<Figures/sweep4.png, id=102, 449.68pt x 337.26pt>
File: Figures/sweep4.png Graphic file (type png)
 <use Figures/sweep4.png>
Underfull \hbox (badness 10000) in paragraph at lines 741--741
\OT1/ptm/m/n/9 growth rate for EHEC 0.4 wt.% us-ing Noz-zle 2
 []


Underfull \hbox (badness 5592) in paragraph at lines 741--741
[]$\OT1/ptm/m/n/9 . The pre-dicted growth rate
 []

<Figures/sweep7.png, id=103, 449.68pt x 337.26pt>
File: Figures/sweep7.png Graphic file (type png)
 <use Figures/sweep7.png>
Overfull \hbox (9.71165pt too wide) in paragraph at lines 748--749
\OT1/ptm/m/n/10.95 RO-JER is quite well de-scribed by the lin-ear the-ory de-sp
ite the noz-zle exit ef-fects. The the-o-ret-i-cal crit-i-cal wavenum-ber
 []

[19 <./Figures/sweep4.png (PNG copy)> <./Figures/sweep7.png (PNG copy)>]
<Figures/less_critical.png, id=107, 113.42375pt x 495.8525pt>
File: Figures/less_critical.png Graphic file (type png)

<use Figures/less_critical.png>
<Figures/more_critical.png, id=109, 106.3975pt x 435.6275pt>
File: Figures/more_critical.png Graphic file (type png)

<use Figures/more_critical.png> [20 <./Figures/less_critical.png (PNG copy)> <.
/Figures/more_critical.png (PNG copy)>]
<Figures/operability.png, id=114, 449.68pt x 337.26pt>
File: Figures/operability.png Graphic file (type png)

<use Figures/operability.png> [21 <./Figures/operability.png (PNG copy)>]
Overfull \hbox (6.82631pt too wide) in paragraph at lines 804--804
 []|\OT1/ptm/m/n/10.95 Wavenumber| 
 []


Overfull \hbox (0.74901pt too wide) in paragraph at lines 804--804
 []|\OT1/ptm/m/n/10.95 Wavelength 
 []

<Figures/water_flat_vs_para(2).png, id=118, 449.68pt x 337.26pt>
File: Figures/water_flat_vs_para(2).png Graphic file (type png)

<use Figures/water_flat_vs_para(2).png>
<Figures/water-glycerol_flat_vs_para(2).png, id=119, 449.68pt x 337.26pt>
File: Figures/water-glycerol_flat_vs_para(2).png Graphic file (type png)

<use Figures/water-glycerol_flat_vs_para(2).png>
Overfull \hbox (71.41615pt too wide) in paragraph at lines 814--815
[][] 
 []

[22 <./Figures/water_flat_vs_para(2).png (PNG copy)> <./Figures/water-glycerol_
flat_vs_para(2).png (PNG copy)>]
<Figures/breakup.png, id=123, 449.68pt x 337.26pt>
File: Figures/breakup.png Graphic file (type png)
 <use Figures/breakup.png>

LaTeX Warning: `h' float specifier changed to `ht'.

[23] <Figures/1_2_EHEC.png, id=127, 1375.539pt x 267.399pt>
File: Figures/1_2_EHEC.png Graphic file (type png)

<use Figures/1_2_EHEC.png>
Underfull \hbox (badness 10000) in paragraph at lines 855--855
[] \OT1/ptm/m/n/10.95 Fig-ure 11: |The nor-malised thin-ning mid-fil-a-ment di-
am-e-ters of EHEC 0.1 and 0.2 wt.%
 []

<Figures/1_2_EHEC_strain.png, id=128, 1426.128pt x 290.686pt>
File: Figures/1_2_EHEC_strain.png Graphic file (type png)

<use Figures/1_2_EHEC_strain.png> [24 <./Figures/breakup.png (PNG copy)> <./Fig
ures/1_2_EHEC.png (PNG copy)>]
<Figures/4_6_EHEC.png, id=133, 1384.372pt x 325.215pt>
File: Figures/4_6_EHEC.png Graphic file (type png)

<use Figures/4_6_EHEC.png>
Underfull \hbox (badness 10000) in paragraph at lines 875--875
[] \OT1/ptm/m/n/10.95 Fig-ure 13: |The nor-malised thin-ning mid-fil-a-ment di-
am-e-ters of EHEC 0.4 and 0.6 wt.%
 []

<Figures/4_6_EHEC_strain.png, id=134, 1406.053pt x 325.215pt>
File: Figures/4_6_EHEC_strain.png Graphic file (type png)

<use Figures/4_6_EHEC_strain.png> [25 <./Figures/1_2_EHEC_strain.png (PNG copy)
> <./Figures/4_6_EHEC.png (PNG copy)>]
<Figures/4_EHEC_extensional.png, id=138, 449.68pt x 337.26pt>
File: Figures/4_EHEC_extensional.png Graphic file (type png)

<use Figures/4_EHEC_extensional.png>
<Figures/6_EHEC_extensional.png, id=139, 449.68pt x 337.26pt>
File: Figures/6_EHEC_extensional.png Graphic file (type png)

<use Figures/6_EHEC_extensional.png>
Overfull \hbox (71.41615pt too wide) in paragraph at lines 897--898
[][] 
 []

[26 <./Figures/4_6_EHEC_strain.png (PNG copy)> <./Figures/4_EHEC_extensional.pn
g (PNG copy)> <./Figures/6_EHEC_extensional.png (PNG copy)>]
<Figures/PEO.png, id=143, 1540.154pt x 379.016pt>
File: Figures/PEO.png Graphic file (type png)
 <use Figures/PEO.png>
Overfull \hbox (74.64276pt too wide) in paragraph at lines 908--909
 [] 
 []

<Figures/PEO_extensional.png, id=144, 449.68pt x 337.26pt>
File: Figures/PEO_extensional.png Graphic file (type png)

<use Figures/PEO_extensional.png>

LaTeX Warning: `h' float specifier changed to `ht'.

[27 <./Figures/PEO.png (PNG copy)>] [28 <./Figures/PEO_extensional.png (PNG cop
y)>]
Overfull \hbox (0.73367pt too wide) in paragraph at lines 944--945
\OT1/ptm/m/n/10.95 us-ing known the-o-ret-i-cal pre-dic-tions, nu-mer-i-cal one
 di-men-sional sim-u-la-tions [[]] and com-pu-ta-tional fluid dy-nam-ics
 []


Overfull \hbox (4.30385pt too wide) in paragraph at lines 949--950
[]\OT1/ptm/m/n/10.95 The val-i-da-tion of RO-JER in the char-ac-ter-i-sa-tion o
f poly-meric so-lu-tions could have been ex-panded to poly-mers
 []

[29]
Overfull \hbox (5.59666pt too wide) in paragraph at lines 956--957
\OT1/ptm/m/n/10.95 The au-thor would like to thank the lead su-per-vi-sor Dr Ol
iver Harlen for pro-vid-ing in-dis-pens-able guid-ance through-out
 []


Overfull \hbox (21.74745pt too wide) in paragraph at lines 956--957
\OT1/ptm/m/n/10.95 help-ful dis-cus-sion was pro-vided by Dr Mark Wil-son. The 
au-thor would like to ex-tend thanks to Dr Phil Threlfall-Holmes
 []

[30] (./indivReport.bbl [31]) [32]
LaTeX Font Info:    Font shape `OT1/ptm/bx/n' in size <20.74> not available
(Font)              Font shape `OT1/ptm/b/n' tried instead on input line 967.
 [33] (./indivReport.aux) )
(\end occurred inside a group at level 1)

### semi simple group (level 1) entered at line 26 (\begingroup)
### bottom level 
Here is how much of TeX's memory you used:
 3326 strings out of 256216
 46249 string characters out of 1917073
 104873 words of memory out of 1500000
 6500 multiletter control sequences out of 10000+200000
 37749 words of font info for 78 fonts, out of 1200000 for 2000
 645 hyphenation exceptions out of 8191
 35i,13n,43p,1803b,755s stack positions out of 5000i,500n,6000p,200000b,15000s
{/usr/share/texmf/fonts/enc/dvips/base/8r.enc}</usr/share/texmf
/fonts/type1/bluesky/cm/cmbx10.pfb></usr/share/texmf/fonts/type1/bluesky/cm/cmb
x8.pfb></usr/share/texmf/fonts/type1/bluesky/cm/cmex10.pfb></usr/share/texmf/fo
nts/type1/bluesky/cm/cmmi10.pfb></usr/share/texmf/fonts/type1/bluesky/cm/cmmi6.
pfb></usr/share/texmf/fonts/type1/bluesky/cm/cmmi8.pfb></usr/share/texmf/fonts/
type1/bluesky/cm/cmmi9.pfb></usr/share/texmf/fonts/type1/bluesky/cm/cmr10.pfb><
/usr/share/texmf/fonts/type1/bluesky/cm/cmr6.pfb></usr/share/texmf/fonts/type1/
bluesky/cm/cmr8.pfb></usr/share/texmf/fonts/type1/bluesky/cm/cmr9.pfb></usr/sha
re/texmf/fonts/type1/bluesky/cm/cmsy10.pfb></usr/share/texmf/fonts/type1/bluesk
y/cm/cmsy6.pfb></usr/share/texmf/fonts/type1/bluesky/cm/cmsy8.pfb></usr/share/t
exmf/fonts/type1/bluesky/latex-fonts/linew10.pfb></usr/share/texmf/fonts/type1/
urw/times/utmb8a.pfb></usr/share/texmf/fonts/type1/urw/times/utmr8a.pfb></usr/s
hare/texmf/fonts/type1/urw/times/utmri8a.pfb>
Output written on indivReport.pdf (34 pages, 529006 bytes).
PDF statistics:
 224 PDF objects out of 1000 (max. 8388607)
 0 named destinations out of 1000 (max. 131072)
 122 words of extra memory for PDF output out of 10000 (max. 10000000)

